<?xml version="1.0" encoding="UTF-8"?>
<testng-results skipped="0" failed="0" ignored="0" total="3" passed="3">
  <reporter-output>
  </reporter-output>
  <suite name="Default suite" duration-ms="30390" started-at="2022-05-21T08:48:56Z" finished-at="2022-05-21T08:49:26Z">
    <groups>
      <group name="cucumber">
        <method signature="AbstractTestNGCucumberTests.feature(cucumber.api.testng.CucumberFeatureWrapper)[pri:0, instance:com.teamfortune.TestRunner.TestRunnerTF$TestRunner@5b275dab]" name="feature" class="cucumber.api.testng.AbstractTestNGCucumberTests"/>
      </group> <!-- cucumber -->
    </groups>
    <test name="Default test" duration-ms="30390" started-at="2022-05-21T08:48:56Z" finished-at="2022-05-21T08:49:26Z">
      <class name="com.teamfortune.TestRunner.TestRunnerTF$TestRunner">
        <test-method status="PASS" signature="setUpClass()[pri:0, instance:com.teamfortune.TestRunner.TestRunnerTF$TestRunner@5b275dab]" name="setUpClass" is-config="true" duration-ms="141" started-at="2022-05-21T01:48:56Z" finished-at="2022-05-21T01:48:56Z">
          <reporter-output>
          </reporter-output>
        </test-method> <!-- setUpClass -->
        <test-method status="PASS" signature="feature(cucumber.api.testng.CucumberFeatureWrapper)[pri:0, instance:com.teamfortune.TestRunner.TestRunnerTF$TestRunner@5b275dab]" name="feature" duration-ms="19217" started-at="2022-05-21T01:48:56Z" description="Runs Cucumber Feature" data-provider="features" finished-at="2022-05-21T01:49:15Z">
          <params>
            <param index="0">
              <value>
                <![CDATA[Validate  Industry Solutios under Dell Solutions]]>
              </value>
            </param>
          </params>
          <reporter-output>
          </reporter-output>
        </test-method> <!-- feature -->
        <test-method status="PASS" signature="feature(cucumber.api.testng.CucumberFeatureWrapper)[pri:0, instance:com.teamfortune.TestRunner.TestRunnerTF$TestRunner@5b275dab]" name="feature" duration-ms="10985" started-at="2022-05-21T01:49:15Z" description="Runs Cucumber Feature" data-provider="features" finished-at="2022-05-21T01:49:26Z">
          <params>
            <param index="0">
              <value>
                <![CDATA[Dell cloud solutions under Solutions]]>
              </value>
            </param>
          </params>
          <reporter-output>
          </reporter-output>
        </test-method> <!-- feature -->
        <test-method status="PASS" signature="feature(cucumber.api.testng.CucumberFeatureWrapper)[pri:0, instance:com.teamfortune.TestRunner.TestRunnerTF$TestRunner@5b275dab]" name="feature" duration-ms="0" started-at="2022-05-21T01:49:26Z" description="Runs Cucumber Feature" data-provider="features" finished-at="2022-05-21T01:49:26Z">
          <params>
            <param index="0">
              <value>
                <![CDATA[Vatidate Facebook login]]>
              </value>
            </param>
          </params>
          <reporter-output>
          </reporter-output>
        </test-method> <!-- feature -->
        <test-method status="PASS" signature="tearDownClass()[pri:0, instance:com.teamfortune.TestRunner.TestRunnerTF$TestRunner@5b275dab]" name="tearDownClass" is-config="true" duration-ms="0" started-at="2022-05-21T01:49:26Z" finished-at="2022-05-21T01:49:26Z">
          <reporter-output>
          </reporter-output>
        </test-method> <!-- tearDownClass -->
      </class> <!-- com.teamfortune.TestRunner.TestRunnerTF$TestRunner -->
    </test> <!-- Default test -->
  </suite> <!-- Default suite -->
</testng-results>
